<?xml version="1.0" encoding="UTF-8"?>
<testsuite xmlns:xsi="http://www.w3.org/2001/XMLSchema-instance" xsi:noNamespaceSchemaLocation="https://maven.apache.org/surefire/maven-surefire-plugin/xsd/surefire-test-report-3.0.xsd" version="3.0" name="com.gabrielguimaraes.mappers.StudentConverterTest$NegativeTests" time="0.003" tests="2" errors="0" skipped="0" failures="0">
  <properties>
    <property name="java.specification.version" value="17"/>
    <property name="sun.jnu.encoding" value="UTF-8"/>
    <property name="java.class.path" value="/Users/gguimaraes3/Library/CloudStorage/OneDrive-SoftServe,Inc/Documents/SoftServe/projects/generative-ai/repo/generative-ai-case-07/target/test-classes:/Users/gguimaraes3/Library/CloudStorage/OneDrive-SoftServe,Inc/Documents/SoftServe/projects/generative-ai/repo/generative-ai-case-07/target/classes:/Users/gguimaraes3/.m2/repository/org/junit/jupiter/junit-jupiter-engine/5.8.1/junit-jupiter-engine-5.8.1.jar:/Users/gguimaraes3/.m2/repository/org/junit/platform/junit-platform-engine/1.8.1/junit-platform-engine-1.8.1.jar:/Users/gguimaraes3/.m2/repository/org/opentest4j/opentest4j/1.2.0/opentest4j-1.2.0.jar:/Users/gguimaraes3/.m2/repository/org/junit/platform/junit-platform-commons/1.8.1/junit-platform-commons-1.8.1.jar:/Users/gguimaraes3/.m2/repository/org/junit/jupiter/junit-jupiter-api/5.8.1/junit-jupiter-api-5.8.1.jar:/Users/gguimaraes3/.m2/repository/org/apiguardian/apiguardian-api/1.1.2/apiguardian-api-1.1.2.jar:"/>
    <property name="java.vm.vendor" value="Amazon.com Inc."/>
    <property name="sun.arch.data.model" value="64"/>
    <property name="java.vendor.url" value="https://aws.amazon.com/corretto/"/>
    <property name="os.name" value="Mac OS X"/>
    <property name="java.vm.specification.version" value="17"/>
    <property name="sun.java.launcher" value="SUN_STANDARD"/>
    <property name="user.country" value="GB"/>
    <property name="sun.boot.library.path" value="/Library/Java/JavaVirtualMachines/amazon-corretto-17.jdk/Contents/Home/lib"/>
    <property name="sun.java.command" value="/Users/gguimaraes3/Library/CloudStorage/OneDrive-SoftServe,Inc/Documents/SoftServe/projects/generative-ai/repo/generative-ai-case-07/target/surefire/surefirebooter-20230903131435612_3.jar /Users/gguimaraes3/Library/CloudStorage/OneDrive-SoftServe,Inc/Documents/SoftServe/projects/generative-ai/repo/generative-ai-case-07/target/surefire 2023-09-03T13-14-35_558-jvmRun1 surefire-20230903131435612_1tmp surefire_0-20230903131435612_2tmp"/>
    <property name="jdk.debug" value="release"/>
    <property name="surefire.test.class.path" value="/Users/gguimaraes3/Library/CloudStorage/OneDrive-SoftServe,Inc/Documents/SoftServe/projects/generative-ai/repo/generative-ai-case-07/target/test-classes:/Users/gguimaraes3/Library/CloudStorage/OneDrive-SoftServe,Inc/Documents/SoftServe/projects/generative-ai/repo/generative-ai-case-07/target/classes:/Users/gguimaraes3/.m2/repository/org/junit/jupiter/junit-jupiter-engine/5.8.1/junit-jupiter-engine-5.8.1.jar:/Users/gguimaraes3/.m2/repository/org/junit/platform/junit-platform-engine/1.8.1/junit-platform-engine-1.8.1.jar:/Users/gguimaraes3/.m2/repository/org/opentest4j/opentest4j/1.2.0/opentest4j-1.2.0.jar:/Users/gguimaraes3/.m2/repository/org/junit/platform/junit-platform-commons/1.8.1/junit-platform-commons-1.8.1.jar:/Users/gguimaraes3/.m2/repository/org/junit/jupiter/junit-jupiter-api/5.8.1/junit-jupiter-api-5.8.1.jar:/Users/gguimaraes3/.m2/repository/org/apiguardian/apiguardian-api/1.1.2/apiguardian-api-1.1.2.jar:"/>
    <property name="sun.cpu.endian" value="little"/>
    <property name="user.home" value="/Users/gguimaraes3"/>
    <property name="user.language" value="en"/>
    <property name="java.specification.vendor" value="Oracle Corporation"/>
    <property name="java.version.date" value="2023-01-17"/>
    <property name="java.home" value="/Library/Java/JavaVirtualMachines/amazon-corretto-17.jdk/Contents/Home"/>
    <property name="file.separator" value="/"/>
    <property name="basedir" value="/Users/gguimaraes3/Library/CloudStorage/OneDrive-SoftServe,Inc/Documents/SoftServe/projects/generative-ai/repo/generative-ai-case-07"/>
    <property name="java.vm.compressedOopsMode" value="Zero based"/>
    <property name="line.separator" value="&#10;"/>
    <property name="java.vm.specification.vendor" value="Oracle Corporation"/>
    <property name="java.specification.name" value="Java Platform API Specification"/>
    <property name="surefire.real.class.path" value="/Users/gguimaraes3/Library/CloudStorage/OneDrive-SoftServe,Inc/Documents/SoftServe/projects/generative-ai/repo/generative-ai-case-07/target/surefire/surefirebooter-20230903131435612_3.jar"/>
    <property name="sun.management.compiler" value="HotSpot 64-Bit Tiered Compilers"/>
    <property name="java.runtime.version" value="17.0.6+10-LTS"/>
    <property name="user.name" value="gguimaraes3"/>
    <property name="path.separator" value=":"/>
    <property name="os.version" value="13.5.1"/>
    <property name="java.runtime.name" value="OpenJDK Runtime Environment"/>
    <property name="file.encoding" value="UTF-8"/>
    <property name="java.vm.name" value="OpenJDK 64-Bit Server VM"/>
    <property name="java.vendor.version" value="Corretto-17.0.6.10.1"/>
    <property name="localRepository" value="/Users/gguimaraes3/.m2/repository"/>
    <property name="java.vendor.url.bug" value="https://github.com/corretto/corretto-17/issues/"/>
    <property name="java.io.tmpdir" value="/var/folders/wj/4jg6xj3s2734tpgj1w3x1rb00000gn/T/"/>
    <property name="java.version" value="17.0.6"/>
    <property name="user.dir" value="/Users/gguimaraes3/Library/CloudStorage/OneDrive-SoftServe,Inc/Documents/SoftServe/projects/generative-ai/repo/generative-ai-case-07"/>
    <property name="os.arch" value="aarch64"/>
    <property name="java.vm.specification.name" value="Java Virtual Machine Specification"/>
    <property name="native.encoding" value="UTF-8"/>
    <property name="java.library.path" value="/Users/gguimaraes3/Library/Java/Extensions:/Library/Java/Extensions:/Network/Library/Java/Extensions:/System/Library/Java/Extensions:/usr/lib/java:."/>
    <property name="java.vm.info" value="mixed mode, sharing"/>
    <property name="java.vendor" value="Amazon.com Inc."/>
    <property name="java.vm.version" value="17.0.6+10-LTS"/>
    <property name="sun.io.unicode.encoding" value="UnicodeBig"/>
    <property name="java.class.version" value="61.0"/>
  </properties>
  <testcase name="testEmptyArray" classname="com.gabrielguimaraes.mappers.StudentConverterTest$NegativeTests" time="0.001"/>
  <testcase name="testInputIsNull" classname="com.gabrielguimaraes.mappers.StudentConverterTest$NegativeTests" time="0.001"/>
</testsuite>